2019-12-06 15:21:34.639  INFO 13084 --- [main] com.demo.redis.redis.RedisApplication    : Starting RedisApplication on DESKTOP-RLLH876 with PID 13084 (C:\Users\xinsy\IdeaProjects\redis\target\classes started by xinsy in C:\Users\xinsy\IdeaProjects\redis)
2019-12-06 15:21:34.643  INFO 13084 --- [main] com.demo.redis.redis.RedisApplication    : The following profiles are active: dev
2019-12-06 15:21:36.223  INFO 13084 --- [main] .s.d.r.c.RepositoryConfigurationDelegate : Multiple Spring Data modules found, entering strict repository configuration mode!
2019-12-06 15:21:36.236  INFO 13084 --- [main] .s.d.r.c.RepositoryConfigurationDelegate : Bootstrapping Spring Data repositories in DEFAULT mode.
2019-12-06 15:21:36.376  INFO 13084 --- [main] .s.d.r.c.RepositoryConfigurationDelegate : Finished Spring Data repository scanning in 96ms. Found 0 repository interfaces.
2019-12-06 15:21:38.673  INFO 13084 --- [main] o.s.b.w.embedded.tomcat.TomcatWebServer  : Tomcat initialized with port(s): 8090 (http)
2019-12-06 15:21:38.715  INFO 13084 --- [main] o.apache.catalina.core.StandardService   : Starting service [Tomcat]
2019-12-06 15:21:38.715  INFO 13084 --- [main] org.apache.catalina.core.StandardEngine  : Starting Servlet engine: [Apache Tomcat/9.0.27]
2019-12-06 15:21:39.047  INFO 13084 --- [main] o.a.c.c.C.[Tomcat].[localhost].[/]       : Initializing Spring embedded WebApplicationContext
2019-12-06 15:21:39.048  INFO 13084 --- [main] o.s.web.context.ContextLoader            : Root WebApplicationContext: initialization completed in 4306 ms
2019-12-06 15:21:39.696  INFO 13084 --- [main] com.demo.redis.redis.config.LogConfig    : ==========print log==========
2019-12-06 15:21:39.961  INFO 13084 --- [main] o.s.s.concurrent.ThreadPoolTaskExecutor  : Initializing ExecutorService 'applicationTaskExecutor'
2019-12-06 15:21:40.383  INFO 13084 --- [main] o.s.b.w.embedded.tomcat.TomcatWebServer  : Tomcat started on port(s): 8090 (http) with context path ''
2019-12-06 15:21:40.387  INFO 13084 --- [main] com.demo.redis.redis.RedisApplication    : Started RedisApplication in 6.863 seconds (JVM running for 9.541)
2019-12-06 15:22:03.465  INFO 9448 --- [main] c.d.redis.redis.RedisApplicationTests    : Starting RedisApplicationTests on DESKTOP-RLLH876 with PID 9448 (started by xinsy in C:\Users\xinsy\IdeaProjects\redis)
2019-12-06 15:22:03.467  INFO 9448 --- [main] c.d.redis.redis.RedisApplicationTests    : The following profiles are active: dev
2019-12-06 15:22:05.563  INFO 9448 --- [main] .s.d.r.c.RepositoryConfigurationDelegate : Multiple Spring Data modules found, entering strict repository configuration mode!
2019-12-06 15:22:05.570  INFO 9448 --- [main] .s.d.r.c.RepositoryConfigurationDelegate : Bootstrapping Spring Data repositories in DEFAULT mode.
2019-12-06 15:22:05.630  INFO 9448 --- [main] .s.d.r.c.RepositoryConfigurationDelegate : Finished Spring Data repository scanning in 33ms. Found 0 repository interfaces.
2019-12-06 15:22:08.449  INFO 9448 --- [main] com.demo.redis.redis.config.LogConfig    : ==========print log==========
2019-12-06 15:22:10.039  INFO 9448 --- [main] o.s.s.concurrent.ThreadPoolTaskExecutor  : Initializing ExecutorService 'applicationTaskExecutor'
2019-12-06 15:22:12.358  INFO 9448 --- [main] c.d.redis.redis.RedisApplicationTests    : Started RedisApplicationTests in 10.173 seconds (JVM running for 13.191)
2019-12-06 15:22:13.866  INFO 9448 --- [SpringContextShutdownHook] o.s.s.concurrent.ThreadPoolTaskExecutor  : Shutting down ExecutorService 'applicationTaskExecutor'
2019-12-06 15:25:48.683  INFO 14800 --- [main] com.demo.redis.redis.RedisApplication    : Starting RedisApplication on DESKTOP-RLLH876 with PID 14800 (C:\Users\xinsy\IdeaProjects\redis\target\classes started by xinsy in C:\Users\xinsy\IdeaProjects\redis)
2019-12-06 15:25:48.688  INFO 14800 --- [main] com.demo.redis.redis.RedisApplication    : The following profiles are active: dev
2019-12-06 15:25:50.416  INFO 14800 --- [main] .s.d.r.c.RepositoryConfigurationDelegate : Multiple Spring Data modules found, entering strict repository configuration mode!
2019-12-06 15:25:50.441  INFO 14800 --- [main] .s.d.r.c.RepositoryConfigurationDelegate : Bootstrapping Spring Data repositories in DEFAULT mode.
2019-12-06 15:25:50.589  INFO 14800 --- [main] .s.d.r.c.RepositoryConfigurationDelegate : Finished Spring Data repository scanning in 76ms. Found 0 repository interfaces.
2019-12-06 15:25:51.663  INFO 14800 --- [main] o.s.b.w.embedded.tomcat.TomcatWebServer  : Tomcat initialized with port(s): 8090 (http)
2019-12-06 15:25:51.687  INFO 14800 --- [main] o.apache.catalina.core.StandardService   : Starting service [Tomcat]
2019-12-06 15:25:51.687  INFO 14800 --- [main] org.apache.catalina.core.StandardEngine  : Starting Servlet engine: [Apache Tomcat/9.0.27]
2019-12-06 15:25:51.981  INFO 14800 --- [main] o.a.c.c.C.[Tomcat].[localhost].[/]       : Initializing Spring embedded WebApplicationContext
2019-12-06 15:25:51.982  INFO 14800 --- [main] o.s.web.context.ContextLoader            : Root WebApplicationContext: initialization completed in 3189 ms
2019-12-06 15:25:53.062  INFO 14800 --- [main] com.demo.redis.redis.config.LogConfig    : ==========print log==========
2019-12-06 15:25:53.266  INFO 14800 --- [main] o.s.s.concurrent.ThreadPoolTaskExecutor  : Initializing ExecutorService 'applicationTaskExecutor'
2019-12-06 15:25:53.707  INFO 14800 --- [main] o.s.b.w.embedded.tomcat.TomcatWebServer  : Tomcat started on port(s): 8090 (http) with context path ''
2019-12-06 15:25:53.713  INFO 14800 --- [main] com.demo.redis.redis.RedisApplication    : Started RedisApplication in 5.859 seconds (JVM running for 7.918)
2019-12-06 15:32:57.728  INFO 16252 --- [main] com.demo.redis.redis.RedisApplication    : Starting RedisApplication on DESKTOP-RLLH876 with PID 16252 (C:\Users\xinsy\IdeaProjects\redis\target\classes started by xinsy in C:\Users\xinsy\IdeaProjects\redis)
2019-12-06 15:32:57.733  INFO 16252 --- [main] com.demo.redis.redis.RedisApplication    : The following profiles are active: dev
2019-12-06 15:32:58.909  INFO 16252 --- [main] .s.d.r.c.RepositoryConfigurationDelegate : Multiple Spring Data modules found, entering strict repository configuration mode!
2019-12-06 15:32:58.914  INFO 16252 --- [main] .s.d.r.c.RepositoryConfigurationDelegate : Bootstrapping Spring Data repositories in DEFAULT mode.
2019-12-06 15:32:58.975  INFO 16252 --- [main] .s.d.r.c.RepositoryConfigurationDelegate : Finished Spring Data repository scanning in 31ms. Found 0 repository interfaces.
2019-12-06 15:33:00.122  INFO 16252 --- [main] o.s.b.w.embedded.tomcat.TomcatWebServer  : Tomcat initialized with port(s): 8090 (http)
2019-12-06 15:33:00.150  INFO 16252 --- [main] o.apache.catalina.core.StandardService   : Starting service [Tomcat]
2019-12-06 15:33:00.152  INFO 16252 --- [main] org.apache.catalina.core.StandardEngine  : Starting Servlet engine: [Apache Tomcat/9.0.27]
2019-12-06 15:33:00.380  INFO 16252 --- [main] o.a.c.c.C.[Tomcat].[localhost].[/]       : Initializing Spring embedded WebApplicationContext
2019-12-06 15:33:00.384  INFO 16252 --- [main] o.s.web.context.ContextLoader            : Root WebApplicationContext: initialization completed in 2552 ms
2019-12-06 15:33:01.191  INFO 16252 --- [main] com.demo.redis.redis.config.LogConfig    : ==========print log==========
2019-12-06 15:33:01.662  INFO 16252 --- [main] o.s.s.concurrent.ThreadPoolTaskExecutor  : Initializing ExecutorService 'applicationTaskExecutor'
2019-12-06 15:33:02.062  INFO 16252 --- [main] o.s.b.w.embedded.tomcat.TomcatWebServer  : Tomcat started on port(s): 8090 (http) with context path ''
2019-12-06 15:33:02.066  INFO 16252 --- [main] com.demo.redis.redis.RedisApplication    : Started RedisApplication in 5.478 seconds (JVM running for 8.066)
2019-12-06 15:33:15.991  INFO 16252 --- [http-nio-8090-exec-1] o.a.c.c.C.[Tomcat].[localhost].[/]       : Initializing Spring DispatcherServlet 'dispatcherServlet'
2019-12-06 15:33:15.991  INFO 16252 --- [http-nio-8090-exec-1] o.s.web.servlet.DispatcherServlet        : Initializing Servlet 'dispatcherServlet'
2019-12-06 15:33:16.001  INFO 16252 --- [http-nio-8090-exec-1] o.s.web.servlet.DispatcherServlet        : Completed initialization in 9 ms
2019-12-06 15:33:16.206  INFO 16252 --- [http-nio-8090-exec-1] io.lettuce.core.EpollProvider            : Starting without optional epoll library
2019-12-06 15:33:16.209  INFO 16252 --- [http-nio-8090-exec-1] io.lettuce.core.KqueueProvider           : Starting without optional kqueue library
2019-12-06 16:03:41.717  INFO 15464 --- [main] c.d.redis.redis.RedisApplicationTests    : Starting RedisApplicationTests on DESKTOP-RLLH876 with PID 15464 (started by xinsy in C:\Users\xinsy\IdeaProjects\redis)
2019-12-06 16:03:41.722  INFO 15464 --- [main] c.d.redis.redis.RedisApplicationTests    : The following profiles are active: dev
2019-12-06 16:03:44.064  INFO 15464 --- [main] .s.d.r.c.RepositoryConfigurationDelegate : Multiple Spring Data modules found, entering strict repository configuration mode!
2019-12-06 16:03:44.080  INFO 15464 --- [main] .s.d.r.c.RepositoryConfigurationDelegate : Bootstrapping Spring Data repositories in DEFAULT mode.
2019-12-06 16:03:44.183  INFO 15464 --- [main] .s.d.r.c.RepositoryConfigurationDelegate : Finished Spring Data repository scanning in 54ms. Found 0 repository interfaces.
2019-12-06 16:03:46.676  INFO 15464 --- [main] com.demo.redis.redis.config.LogConfig    : ==========print log==========
2019-12-06 16:03:48.828  INFO 15464 --- [main] o.s.s.concurrent.ThreadPoolTaskExecutor  : Initializing ExecutorService 'applicationTaskExecutor'
2019-12-06 16:03:50.527  INFO 15464 --- [main] c.d.redis.redis.RedisApplicationTests    : Started RedisApplicationTests in 9.922 seconds (JVM running for 13.35)
2019-12-06 16:03:51.972  INFO 15464 --- [SpringContextShutdownHook] o.s.s.concurrent.ThreadPoolTaskExecutor  : Shutting down ExecutorService 'applicationTaskExecutor'
2019-12-06 16:08:46.496  INFO 13160 --- [restartedMain] com.demo.redis.redis.RedisApplication    : Starting RedisApplication on DESKTOP-RLLH876 with PID 13160 (C:\Users\xinsy\IdeaProjects\redis\target\classes started by xinsy in C:\Users\xinsy\IdeaProjects\redis)
2019-12-06 16:08:46.501  INFO 13160 --- [restartedMain] com.demo.redis.redis.RedisApplication    : The following profiles are active: dev
2019-12-06 16:08:46.730  INFO 13160 --- [restartedMain] .e.DevToolsPropertyDefaultsPostProcessor : Devtools property defaults active! Set 'spring.devtools.add-properties' to 'false' to disable
2019-12-06 16:08:46.732  INFO 13160 --- [restartedMain] .e.DevToolsPropertyDefaultsPostProcessor : For additional web related logging consider setting the 'logging.level.web' property to 'DEBUG'
2019-12-06 16:08:49.432  INFO 13160 --- [restartedMain] .s.d.r.c.RepositoryConfigurationDelegate : Multiple Spring Data modules found, entering strict repository configuration mode!
2019-12-06 16:08:49.454  INFO 13160 --- [restartedMain] .s.d.r.c.RepositoryConfigurationDelegate : Bootstrapping Spring Data repositories in DEFAULT mode.
2019-12-06 16:08:49.557  INFO 13160 --- [restartedMain] .s.d.r.c.RepositoryConfigurationDelegate : Finished Spring Data repository scanning in 40ms. Found 0 repository interfaces.
2019-12-06 16:08:51.668  INFO 13160 --- [restartedMain] o.s.b.w.embedded.tomcat.TomcatWebServer  : Tomcat initialized with port(s): 8090 (http)
2019-12-06 16:08:51.693  INFO 13160 --- [restartedMain] o.apache.catalina.core.StandardService   : Starting service [Tomcat]
2019-12-06 16:08:51.693  INFO 13160 --- [restartedMain] org.apache.catalina.core.StandardEngine  : Starting Servlet engine: [Apache Tomcat/9.0.27]
2019-12-06 16:08:51.912  INFO 13160 --- [restartedMain] o.a.c.c.C.[Tomcat].[localhost].[/]       : Initializing Spring embedded WebApplicationContext
2019-12-06 16:08:51.913  INFO 13160 --- [restartedMain] o.s.web.context.ContextLoader            : Root WebApplicationContext: initialization completed in 5181 ms
2019-12-06 16:08:52.560  INFO 13160 --- [restartedMain] com.demo.redis.redis.config.LogConfig    : ==========print log==========
2019-12-06 16:08:53.029  INFO 13160 --- [restartedMain] o.s.s.concurrent.ThreadPoolTaskExecutor  : Initializing ExecutorService 'applicationTaskExecutor'
2019-12-06 16:08:53.505  INFO 13160 --- [restartedMain] o.s.b.d.a.OptionalLiveReloadServer       : LiveReload server is running on port 35729
2019-12-06 16:08:53.571  INFO 13160 --- [restartedMain] o.s.b.w.embedded.tomcat.TomcatWebServer  : Tomcat started on port(s): 8090 (http) with context path ''
2019-12-06 16:08:53.577  INFO 13160 --- [restartedMain] com.demo.redis.redis.RedisApplication    : Started RedisApplication in 8.375 seconds (JVM running for 11.269)
2019-12-06 16:09:05.208  INFO 13160 --- [http-nio-8090-exec-1] o.a.c.c.C.[Tomcat].[localhost].[/]       : Initializing Spring DispatcherServlet 'dispatcherServlet'
2019-12-06 16:09:05.209  INFO 13160 --- [http-nio-8090-exec-1] o.s.web.servlet.DispatcherServlet        : Initializing Servlet 'dispatcherServlet'
2019-12-06 16:09:05.226  INFO 13160 --- [http-nio-8090-exec-1] o.s.web.servlet.DispatcherServlet        : Completed initialization in 15 ms
2019-12-06 16:09:05.557  INFO 13160 --- [http-nio-8090-exec-1] io.lettuce.core.EpollProvider            : Starting without optional epoll library
2019-12-06 16:09:05.559  INFO 13160 --- [http-nio-8090-exec-1] io.lettuce.core.KqueueProvider           : Starting without optional kqueue library
